<<<<<<< HEAD
GAS LISTING C:\Users\Maarten\AppData\Local\Temp/ccdHUkE1.s 			page 1
=======
GAS LISTING C:\Users\jeffr\AppData\Local\Temp/ccnhrgAt.s 			page 1
>>>>>>> BackLightBranch


   1               		.file	"state_timezoneStartscreen.c"
   2               		.arch atmega2561
   3               	__SREG__ = 0x3f
   4               	__SP_H__ = 0x3e
   5               	__SP_L__ = 0x3d
   6               	__tmp_reg__ = 0
   7               	__zero_reg__ = 1
   8               		.global __do_copy_data
   9               		.global __do_clear_bss
  10               		.text
  11               	.global	timezoneStartscreen_keypressed
  12               		.type	timezoneStartscreen_keypressed, @function
  13               	timezoneStartscreen_keypressed:
  14               	/* prologue: frame size=0 */
  15               	/* prologue end (size=0) */
  16               	/* epilogue: frame size=0 */
  17 0000 0895      		ret
  18               	/* epilogue end (size=1) */
  19               	/* function timezoneStartscreen_keypressed size 1 (0) */
  20               		.size	timezoneStartscreen_keypressed, .-timezoneStartscreen_keypressed
  21               	.global	timezoneStartscreen_entry
  22               		.type	timezoneStartscreen_entry, @function
  23               	timezoneStartscreen_entry:
  24               	/* prologue: frame size=0 */
  25               	/* prologue end (size=0) */
  26               	/* epilogue: frame size=0 */
  27 0002 0895      		ret
  28               	/* epilogue end (size=1) */
  29               	/* function timezoneStartscreen_entry size 1 (0) */
  30               		.size	timezoneStartscreen_entry, .-timezoneStartscreen_entry
  31               	.global	timezoneStartscreen_loop
  32               		.type	timezoneStartscreen_loop, @function
  33               	timezoneStartscreen_loop:
  34               	/* prologue: frame size=0 */
  35               	/* prologue end (size=0) */
  36               	/* epilogue: frame size=0 */
  37 0004 0895      		ret
  38               	/* epilogue end (size=1) */
  39               	/* function timezoneStartscreen_loop size 1 (0) */
  40               		.size	timezoneStartscreen_loop, .-timezoneStartscreen_loop
  41               	.global	timezoneStartscreen_exit
  42               		.type	timezoneStartscreen_exit, @function
  43               	timezoneStartscreen_exit:
  44               	/* prologue: frame size=0 */
  45               	/* prologue end (size=0) */
  46               	/* epilogue: frame size=0 */
  47 0006 0895      		ret
  48               	/* epilogue end (size=1) */
  49               	/* function timezoneStartscreen_exit size 1 (0) */
  50               		.size	timezoneStartscreen_exit, .-timezoneStartscreen_exit
  51               	/* File "source/state_timezoneStartscreen.c": code    4 = 0x0004 (   0), prologues   0, epilogues  
<<<<<<< HEAD
GAS LISTING C:\Users\Maarten\AppData\Local\Temp/ccdHUkE1.s 			page 2
=======
GAS LISTING C:\Users\jeffr\AppData\Local\Temp/ccnhrgAt.s 			page 2
>>>>>>> BackLightBranch


DEFINED SYMBOLS
                            *ABS*:00000000 state_timezoneStartscreen.c
<<<<<<< HEAD
C:\Users\Maarten\AppData\Local\Temp/ccdHUkE1.s:3      *ABS*:0000003f __SREG__
C:\Users\Maarten\AppData\Local\Temp/ccdHUkE1.s:4      *ABS*:0000003e __SP_H__
C:\Users\Maarten\AppData\Local\Temp/ccdHUkE1.s:5      *ABS*:0000003d __SP_L__
C:\Users\Maarten\AppData\Local\Temp/ccdHUkE1.s:6      *ABS*:00000000 __tmp_reg__
C:\Users\Maarten\AppData\Local\Temp/ccdHUkE1.s:7      *ABS*:00000001 __zero_reg__
C:\Users\Maarten\AppData\Local\Temp/ccdHUkE1.s:13     .text:00000000 timezoneStartscreen_keypressed
C:\Users\Maarten\AppData\Local\Temp/ccdHUkE1.s:23     .text:00000002 timezoneStartscreen_entry
C:\Users\Maarten\AppData\Local\Temp/ccdHUkE1.s:33     .text:00000004 timezoneStartscreen_loop
C:\Users\Maarten\AppData\Local\Temp/ccdHUkE1.s:43     .text:00000006 timezoneStartscreen_exit
=======
C:\Users\jeffr\AppData\Local\Temp/ccnhrgAt.s:3      *ABS*:0000003f __SREG__
C:\Users\jeffr\AppData\Local\Temp/ccnhrgAt.s:4      *ABS*:0000003e __SP_H__
C:\Users\jeffr\AppData\Local\Temp/ccnhrgAt.s:5      *ABS*:0000003d __SP_L__
C:\Users\jeffr\AppData\Local\Temp/ccnhrgAt.s:6      *ABS*:00000000 __tmp_reg__
C:\Users\jeffr\AppData\Local\Temp/ccnhrgAt.s:7      *ABS*:00000001 __zero_reg__
C:\Users\jeffr\AppData\Local\Temp/ccnhrgAt.s:13     .text:00000000 timezoneStartscreen_keypressed
C:\Users\jeffr\AppData\Local\Temp/ccnhrgAt.s:23     .text:00000002 timezoneStartscreen_entry
C:\Users\jeffr\AppData\Local\Temp/ccnhrgAt.s:33     .text:00000004 timezoneStartscreen_loop
C:\Users\jeffr\AppData\Local\Temp/ccnhrgAt.s:43     .text:00000006 timezoneStartscreen_exit
>>>>>>> BackLightBranch

UNDEFINED SYMBOLS
__do_copy_data
__do_clear_bss
