<<<<<<< HEAD
GAS LISTING C:\Users\Maarten\AppData\Local\Temp/cc46jgT7.s 			page 1
=======
GAS LISTING C:\Users\jeffr\AppData\Local\Temp/ccn3Elbb.s 			page 1
>>>>>>> BackLightBranch


   1               		.file	"state_settingsTimeZonescreen.c"
   2               		.arch atmega2561
   3               	__SREG__ = 0x3f
   4               	__SP_H__ = 0x3e
   5               	__SP_L__ = 0x3d
   6               	__tmp_reg__ = 0
   7               	__zero_reg__ = 1
   8               		.global __do_copy_data
   9               		.global __do_clear_bss
  10               		.text
  11               	.global	settingsTimeZonescreen_keypressed
  12               		.type	settingsTimeZonescreen_keypressed, @function
  13               	settingsTimeZonescreen_keypressed:
  14               	/* prologue: frame size=0 */
  15               	/* prologue end (size=0) */
  16               	/* epilogue: frame size=0 */
  17 0000 0895      		ret
  18               	/* epilogue end (size=1) */
  19               	/* function settingsTimeZonescreen_keypressed size 1 (0) */
  20               		.size	settingsTimeZonescreen_keypressed, .-settingsTimeZonescreen_keypressed
  21               	.global	settingsTimeZonescreen_entry
  22               		.type	settingsTimeZonescreen_entry, @function
  23               	settingsTimeZonescreen_entry:
  24               	/* prologue: frame size=0 */
  25               	/* prologue end (size=0) */
  26               	/* epilogue: frame size=0 */
  27 0002 0895      		ret
  28               	/* epilogue end (size=1) */
  29               	/* function settingsTimeZonescreen_entry size 1 (0) */
  30               		.size	settingsTimeZonescreen_entry, .-settingsTimeZonescreen_entry
  31               	.global	settingsTimeZonescreen_loop
  32               		.type	settingsTimeZonescreen_loop, @function
  33               	settingsTimeZonescreen_loop:
  34               	/* prologue: frame size=0 */
  35               	/* prologue end (size=0) */
  36               	/* epilogue: frame size=0 */
  37 0004 0895      		ret
  38               	/* epilogue end (size=1) */
  39               	/* function settingsTimeZonescreen_loop size 1 (0) */
  40               		.size	settingsTimeZonescreen_loop, .-settingsTimeZonescreen_loop
  41               	.global	settingsTimeZonescreen_exit
  42               		.type	settingsTimeZonescreen_exit, @function
  43               	settingsTimeZonescreen_exit:
  44               	/* prologue: frame size=0 */
  45               	/* prologue end (size=0) */
  46               	/* epilogue: frame size=0 */
  47 0006 0895      		ret
  48               	/* epilogue end (size=1) */
  49               	/* function settingsTimeZonescreen_exit size 1 (0) */
  50               		.size	settingsTimeZonescreen_exit, .-settingsTimeZonescreen_exit
  51               	/* File "source/state_settingsTimeZonescreen.c": code    4 = 0x0004 (   0), prologues   0, epilogue
<<<<<<< HEAD
GAS LISTING C:\Users\Maarten\AppData\Local\Temp/cc46jgT7.s 			page 2
=======
GAS LISTING C:\Users\jeffr\AppData\Local\Temp/ccn3Elbb.s 			page 2
>>>>>>> BackLightBranch


DEFINED SYMBOLS
                            *ABS*:00000000 state_settingsTimeZonescreen.c
<<<<<<< HEAD
C:\Users\Maarten\AppData\Local\Temp/cc46jgT7.s:3      *ABS*:0000003f __SREG__
C:\Users\Maarten\AppData\Local\Temp/cc46jgT7.s:4      *ABS*:0000003e __SP_H__
C:\Users\Maarten\AppData\Local\Temp/cc46jgT7.s:5      *ABS*:0000003d __SP_L__
C:\Users\Maarten\AppData\Local\Temp/cc46jgT7.s:6      *ABS*:00000000 __tmp_reg__
C:\Users\Maarten\AppData\Local\Temp/cc46jgT7.s:7      *ABS*:00000001 __zero_reg__
C:\Users\Maarten\AppData\Local\Temp/cc46jgT7.s:13     .text:00000000 settingsTimeZonescreen_keypressed
C:\Users\Maarten\AppData\Local\Temp/cc46jgT7.s:23     .text:00000002 settingsTimeZonescreen_entry
C:\Users\Maarten\AppData\Local\Temp/cc46jgT7.s:33     .text:00000004 settingsTimeZonescreen_loop
C:\Users\Maarten\AppData\Local\Temp/cc46jgT7.s:43     .text:00000006 settingsTimeZonescreen_exit
=======
C:\Users\jeffr\AppData\Local\Temp/ccn3Elbb.s:3      *ABS*:0000003f __SREG__
C:\Users\jeffr\AppData\Local\Temp/ccn3Elbb.s:4      *ABS*:0000003e __SP_H__
C:\Users\jeffr\AppData\Local\Temp/ccn3Elbb.s:5      *ABS*:0000003d __SP_L__
C:\Users\jeffr\AppData\Local\Temp/ccn3Elbb.s:6      *ABS*:00000000 __tmp_reg__
C:\Users\jeffr\AppData\Local\Temp/ccn3Elbb.s:7      *ABS*:00000001 __zero_reg__
C:\Users\jeffr\AppData\Local\Temp/ccn3Elbb.s:13     .text:00000000 settingsTimeZonescreen_keypressed
C:\Users\jeffr\AppData\Local\Temp/ccn3Elbb.s:23     .text:00000002 settingsTimeZonescreen_entry
C:\Users\jeffr\AppData\Local\Temp/ccn3Elbb.s:33     .text:00000004 settingsTimeZonescreen_loop
C:\Users\jeffr\AppData\Local\Temp/ccn3Elbb.s:43     .text:00000006 settingsTimeZonescreen_exit
>>>>>>> BackLightBranch

UNDEFINED SYMBOLS
__do_copy_data
__do_clear_bss
