<<<<<<< HEAD
GAS LISTING C:\Users\Maarten\AppData\Local\Temp/ccdYP21f.s 			page 1
=======
GAS LISTING C:\Users\jeffr\AppData\Local\Temp/ccsMArAK.s 			page 1
>>>>>>> BackLightBranch


   1               		.file	"state_factoryResetscreen.c"
   2               		.arch atmega2561
   3               	__SREG__ = 0x3f
   4               	__SP_H__ = 0x3e
   5               	__SP_L__ = 0x3d
   6               	__tmp_reg__ = 0
   7               	__zero_reg__ = 1
   8               		.global __do_copy_data
   9               		.global __do_clear_bss
  10               		.text
  11               	.global	factoryResetscreen_keypressed
  12               		.type	factoryResetscreen_keypressed, @function
  13               	factoryResetscreen_keypressed:
  14               	/* prologue: frame size=0 */
  15               	/* prologue end (size=0) */
  16               	/* epilogue: frame size=0 */
  17 0000 0895      		ret
  18               	/* epilogue end (size=1) */
  19               	/* function factoryResetscreen_keypressed size 1 (0) */
  20               		.size	factoryResetscreen_keypressed, .-factoryResetscreen_keypressed
  21               	.global	factoryResetscreen_entry
  22               		.type	factoryResetscreen_entry, @function
  23               	factoryResetscreen_entry:
  24               	/* prologue: frame size=0 */
  25               	/* prologue end (size=0) */
  26               	/* epilogue: frame size=0 */
  27 0002 0895      		ret
  28               	/* epilogue end (size=1) */
  29               	/* function factoryResetscreen_entry size 1 (0) */
  30               		.size	factoryResetscreen_entry, .-factoryResetscreen_entry
  31               	.global	factoryResetscreen_loop
  32               		.type	factoryResetscreen_loop, @function
  33               	factoryResetscreen_loop:
  34               	/* prologue: frame size=0 */
  35               	/* prologue end (size=0) */
  36               	/* epilogue: frame size=0 */
  37 0004 0895      		ret
  38               	/* epilogue end (size=1) */
  39               	/* function factoryResetscreen_loop size 1 (0) */
  40               		.size	factoryResetscreen_loop, .-factoryResetscreen_loop
  41               	.global	factoryResetscreen_exit
  42               		.type	factoryResetscreen_exit, @function
  43               	factoryResetscreen_exit:
  44               	/* prologue: frame size=0 */
  45               	/* prologue end (size=0) */
  46               	/* epilogue: frame size=0 */
  47 0006 0895      		ret
  48               	/* epilogue end (size=1) */
  49               	/* function factoryResetscreen_exit size 1 (0) */
  50               		.size	factoryResetscreen_exit, .-factoryResetscreen_exit
  51               	/* File "source/state_factoryResetscreen.c": code    4 = 0x0004 (   0), prologues   0, epilogues   
<<<<<<< HEAD
GAS LISTING C:\Users\Maarten\AppData\Local\Temp/ccdYP21f.s 			page 2
=======
GAS LISTING C:\Users\jeffr\AppData\Local\Temp/ccsMArAK.s 			page 2
>>>>>>> BackLightBranch


DEFINED SYMBOLS
                            *ABS*:00000000 state_factoryResetscreen.c
<<<<<<< HEAD
C:\Users\Maarten\AppData\Local\Temp/ccdYP21f.s:3      *ABS*:0000003f __SREG__
C:\Users\Maarten\AppData\Local\Temp/ccdYP21f.s:4      *ABS*:0000003e __SP_H__
C:\Users\Maarten\AppData\Local\Temp/ccdYP21f.s:5      *ABS*:0000003d __SP_L__
C:\Users\Maarten\AppData\Local\Temp/ccdYP21f.s:6      *ABS*:00000000 __tmp_reg__
C:\Users\Maarten\AppData\Local\Temp/ccdYP21f.s:7      *ABS*:00000001 __zero_reg__
C:\Users\Maarten\AppData\Local\Temp/ccdYP21f.s:13     .text:00000000 factoryResetscreen_keypressed
C:\Users\Maarten\AppData\Local\Temp/ccdYP21f.s:23     .text:00000002 factoryResetscreen_entry
C:\Users\Maarten\AppData\Local\Temp/ccdYP21f.s:33     .text:00000004 factoryResetscreen_loop
C:\Users\Maarten\AppData\Local\Temp/ccdYP21f.s:43     .text:00000006 factoryResetscreen_exit
=======
C:\Users\jeffr\AppData\Local\Temp/ccsMArAK.s:3      *ABS*:0000003f __SREG__
C:\Users\jeffr\AppData\Local\Temp/ccsMArAK.s:4      *ABS*:0000003e __SP_H__
C:\Users\jeffr\AppData\Local\Temp/ccsMArAK.s:5      *ABS*:0000003d __SP_L__
C:\Users\jeffr\AppData\Local\Temp/ccsMArAK.s:6      *ABS*:00000000 __tmp_reg__
C:\Users\jeffr\AppData\Local\Temp/ccsMArAK.s:7      *ABS*:00000001 __zero_reg__
C:\Users\jeffr\AppData\Local\Temp/ccsMArAK.s:13     .text:00000000 factoryResetscreen_keypressed
C:\Users\jeffr\AppData\Local\Temp/ccsMArAK.s:23     .text:00000002 factoryResetscreen_entry
C:\Users\jeffr\AppData\Local\Temp/ccsMArAK.s:33     .text:00000004 factoryResetscreen_loop
C:\Users\jeffr\AppData\Local\Temp/ccsMArAK.s:43     .text:00000006 factoryResetscreen_exit
>>>>>>> BackLightBranch

UNDEFINED SYMBOLS
__do_copy_data
__do_clear_bss
